#
# There is insufficient memory for the Java Runtime Environment to continue.
# Native memory allocation (malloc) failed to allocate 1057936 bytes for Chunk::new
# Possible reasons:
#   The system is out of physical RAM or swap space
#   In 32 bit mode, the process size limit was hit
# Possible solutions:
#   Reduce memory load on the system
#   Increase physical memory or swap space
#   Check if swap backing store is full
#   Use 64 bit Java on a 64 bit OS
#   Decrease Java heap size (-Xmx/-Xms)
#   Decrease number of Java threads
#   Decrease Java thread stack sizes (-Xss)
#   Set larger code cache with -XX:ReservedCodeCacheSize=
# This output file may be truncated or incomplete.
#
#  Out of Memory Error (allocation.cpp:390), pid=6716, tid=0x0000000000002a94
#
# JRE version: Java(TM) SE Runtime Environment (8.0_172-b11) (build 1.8.0_172-b11)
# Java VM: Java HotSpot(TM) 64-Bit Server VM (25.172-b11 mixed mode windows-amd64 compressed oops)
# Failed to write core dump. Minidumps are not enabled by default on client versions of Windows
#

---------------  T H R E A D  ---------------

Current thread (0x0000000019f30800):  JavaThread "C2 CompilerThread1" daemon [_thread_in_native, id=10900, stack(0x000000001a810000,0x000000001a910000)]

Stack: [0x000000001a810000,0x000000001a910000]
[error occurred during error reporting (printing stack bounds), id 0xc0000005]

Native frames: (J=compiled Java code, j=interpreted, Vv=VM code, C=native code)


Current CompileTask:
C2:59574171 97215       4       com.android.tools.r8.graph.L0::a (73 bytes)


---------------  P R O C E S S  ---------------

Java Threads: ( => current thread )
  0x000000001df7c800 JavaThread "ForkJoinPool-102-worker-0" daemon [_thread_blocked, id=13164, stack(0x0000000044e50000,0x0000000044f50000)]
  0x000000001df7f000 JavaThread "ForkJoinPool-102-worker-7" daemon [_thread_blocked, id=6040, stack(0x0000000043ab0000,0x0000000043bb0000)]
  0x000000001df83800 JavaThread "ForkJoinPool-102-worker-6" daemon [_thread_blocked, id=8200, stack(0x0000000042190000,0x0000000042290000)]
  0x000000001df7e000 JavaThread "ForkJoinPool-102-worker-5" daemon [_thread_blocked, id=12232, stack(0x000000003dd60000,0x000000003de60000)]
  0x000000001e7ea000 JavaThread "ForkJoinPool-102-worker-4" daemon [_thread_in_Java, id=9956, stack(0x000000003d860000,0x000000003d960000)]
  0x000000001e7e8800 JavaThread "ForkJoinPool-102-worker-3" daemon [_thread_blocked, id=3612, stack(0x000000003c700000,0x000000003c800000)]
  0x000000001e7e7000 JavaThread "ForkJoinPool-102-worker-2" daemon [_thread_blocked, id=8004, stack(0x000000003bdf0000,0x000000003bef0000)]
  0x000000001e7df800 JavaThread "ForkJoinPool-102-worker-1" daemon [_thread_blocked, id=12852, stack(0x000000003bcf0000,0x000000003bdf0000)]
  0x000000001e7dd000 JavaThread "WorkerExecutor Queue Thread 6" [_thread_blocked, id=10400, stack(0x000000003bbf0000,0x000000003bcf0000)]
  0x0000000030803800 JavaThread "WorkerExecutor Queue Thread 5" [_thread_blocked, id=11564, stack(0x000000003af80000,0x000000003b080000)]
  0x0000000030802000 JavaThread "WorkerExecutor Queue Thread 4" [_thread_blocked, id=7644, stack(0x0000000039830000,0x0000000039930000)]
  0x00000000307f9800 JavaThread "WorkerExecutor Queue Thread 3" [_thread_blocked, id=11680, stack(0x00000000367d0000,0x00000000368d0000)]
  0x00000000307f9000 JavaThread "WorkerExecutor Queue Thread 2" [_thread_blocked, id=10440, stack(0x00000000362d0000,0x00000000363d0000)]
  0x00000000307ff800 JavaThread "WorkerExecutor Queue" [_thread_blocked, id=7660, stack(0x0000000034e90000,0x0000000034f90000)]
  0x00000000307f6800 JavaThread "Cache worker for Java compile cache (C:\Users\gabri\AndroidStudioProjects\AppTattoo\.gradle\6.1.1\javaCompile)" [_thread_blocked, id=6528, stack(0x0000000034940000,0x0000000034a40000)]
  0x00000000307fc800 JavaThread "Cache worker for execution history cache (C:\Users\gabri\AndroidStudioProjects\AppTattoo\.gradle\6.1.1\executionHistory)" [_thread_blocked, id=5592, stack(0x0000000033d30000,0x0000000033e30000)]
  0x00000000307f7800 JavaThread "Execution worker for ':' Thread 7" [_thread_blocked, id=6500, stack(0x0000000033c30000,0x0000000033d30000)]
  0x00000000307f8000 JavaThread "Execution worker for ':' Thread 6" [_thread_blocked, id=8376, stack(0x0000000033b30000,0x0000000033c30000)]
  0x00000000307fc000 JavaThread "Execution worker for ':' Thread 5" [_thread_blocked, id=2844, stack(0x0000000033a30000,0x0000000033b30000)]
  0x0000000025a95000 JavaThread "Execution worker for ':' Thread 4" [_thread_blocked, id=1800, stack(0x0000000033930000,0x0000000033a30000)]
  0x0000000025a94800 JavaThread "Execution worker for ':' Thread 3" [_thread_blocked, id=6560, stack(0x0000000033830000,0x0000000033930000)]
  0x0000000025a96800 JavaThread "Execution worker for ':' Thread 2" [_thread_blocked, id=6312, stack(0x0000000033730000,0x0000000033830000)]
  0x0000000025a8d000 JavaThread "Execution worker for ':'" [_thread_blocked, id=6008, stack(0x0000000033630000,0x0000000033730000)]
  0x0000000025a93800 JavaThread "Cache worker for file content cache (C:\Users\gabri\AndroidStudioProjects\AppTattoo\.gradle\6.1.1\fileContent)" [_thread_blocked, id=3740, stack(0x0000000033530000,0x0000000033630000)]
  0x0000000025a93000 JavaThread "Cache worker for Build Output Cleanup Cache (C:\Users\gabri\AndroidStudioProjects\AppTattoo\.gradle\buildOutputCleanup)" [_thread_blocked, id=11432, stack(0x00000000331a0000,0x00000000332a0000)]
  0x0000000025a92000 JavaThread "Build operations Thread 8" [_thread_blocked, id=9092, stack(0x0000000031d90000,0x0000000031e90000)]
  0x0000000025a90800 JavaThread "Build operations Thread 7" [_thread_blocked, id=3880, stack(0x0000000030610000,0x0000000030710000)]
  0x0000000025a91800 JavaThread "Build operations Thread 6" [_thread_blocked, id=9608, stack(0x000000002fd10000,0x000000002fe10000)]
  0x0000000025a90000 JavaThread "Build operations Thread 5" [_thread_blocked, id=12268, stack(0x000000002fc10000,0x000000002fd10000)]
  0x0000000025a8c000 JavaThread "Build operations Thread 4" [_thread_blocked, id=12904, stack(0x000000002c040000,0x000000002c140000)]
  0x0000000025a8a000 JavaThread "Build operations Thread 3" [_thread_blocked, id=6140, stack(0x000000002b330000,0x000000002b430000)]
  0x0000000025a8e800 JavaThread "Build operations Thread 2" [_thread_blocked, id=10072, stack(0x000000002b030000,0x000000002b130000)]
  0x0000000025a88800 JavaThread "Build operations" [_thread_blocked, id=11560, stack(0x000000002a720000,0x000000002a820000)]
  0x0000000025a8b800 JavaThread "Cache worker for cache directory md-rule (C:\Users\gabri\.gradle\caches\6.1.1\md-rule)" [_thread_blocked, id=5712, stack(0x00000000283d0000,0x00000000284d0000)]
  0x0000000025a89000 JavaThread "Cache worker for cache directory md-supplier (C:\Users\gabri\.gradle\caches\6.1.1\md-supplier)" [_thread_blocked, id=10904, stack(0x0000000027930000,0x0000000027a30000)]
  0x0000000025a8d800 JavaThread "Cache worker for file hash cache (C:\Users\gabri\AndroidStudioProjects\AppTattoo\.gradle\6.1.1\fileHashes)" [_thread_blocked, id=7236, stack(0x0000000027830000,0x0000000027930000)]
  0x0000000025a8a800 JavaThread "Cache worker for checksums cache (C:\Users\gabri\AndroidStudioProjects\AppTattoo\.gradle\checksums)" [_thread_blocked, id=12732, stack(0x00000000272c0000,0x00000000273c0000)]
  0x000000002dfc2800 JavaThread "Thread-3470" [_thread_blocked, id=11864, stack(0x0000000026dc0000,0x0000000026ec0000)]
  0x000000002dfc8800 JavaThread "Stdin handler" [_thread_blocked, id=11096, stack(0x00000000262c0000,0x00000000263c0000)]
  0x000000002dfc3000 JavaThread "Asynchronous log dispatcher for DefaultDaemonConnection: socket connection from /127.0.0.1:62644 to /127.0.0.1:62307" [_thread_blocked, id=13072, stack(0x00000000249b0000,0x0000000024ab0000)]
  0x000000002dfc7800 JavaThread "Daemon worker Thread 90" [_thread_blocked, id=11136, stack(0x00000000238b0000,0x00000000239b0000)]
  0x000000002dfc5800 JavaThread "Cancel handler" [_thread_blocked, id=1176, stack(0x000000001d480000,0x000000001d580000)]
  0x000000002dfc4000 JavaThread "Handler for socket connection from /127.0.0.1:62644 to /127.0.0.1:62307" [_thread_in_native, id=11868, stack(0x000000001ce80000,0x000000001cf80000)]
  0x000000002dfbb800 JavaThread "Daemon Thread 90" [_thread_blocked, id=7576, stack(0x00000000012c0000,0x00000000013c0000)]
  0x0000000024509000 JavaThread "Cache worker for Java compile cache (C:\Users\gabri\.gradle\caches\6.1.1\javaCompile)" [_thread_blocked, id=7716, stack(0x00000000282d0000,0x00000000283d0000)]
  0x000000001e7e9000 JavaThread "Cache worker for file content cache (C:\Users\gabri\.gradle\caches\6.1.1\fileContent)" [_thread_blocked, id=12664, stack(0x0000000026cc0000,0x0000000026dc0000)]
  0x000000001e7eb000 JavaThread "Memory manager" [_thread_blocked, id=3688, stack(0x0000000026bc0000,0x0000000026cc0000)]
  0x000000001e7e0000 JavaThread "Cache worker for execution history cache (C:\Users\gabri\.gradle\caches\6.1.1\executionHistory)" [_thread_blocked, id=1980, stack(0x00000000227b0000,0x00000000228b0000)]
  0x000000001bdd9000 JavaThread "Cache worker for file hash cache (C:\Users\gabri\.gradle\caches\6.1.1\fileHashes)" [_thread_blocked, id=12316, stack(0x000000001ec50000,0x000000001ed50000)]
  0x000000001bdd8800 JavaThread "File lock request listener" [_thread_in_native, id=488, stack(0x000000001db80000,0x000000001dc80000)]
  0x000000001bdd7800 JavaThread "Cache worker for journal cache (C:\Users\gabri\.gradle\caches\journal-1)" [_thread_blocked, id=6780, stack(0x000000001da80000,0x000000001db80000)]
  0x000000001b760800 JavaThread "Daemon periodic checks" [_thread_blocked, id=5956, stack(0x000000001cd80000,0x000000001ce80000)]
  0x000000001a295800 JavaThread "Incoming local TCP Connector on port 62644" [_thread_in_native, id=8216, stack(0x000000001cc80000,0x000000001cd80000)]
  0x000000001c44f000 JavaThread "Daemon health stats" [_thread_blocked, id=10032, stack(0x000000001c640000,0x000000001c740000)]
  0x0000000019fc8800 JavaThread "Service Thread" daemon [_thread_blocked, id=9688, stack(0x000000001ab10000,0x000000001ac10000)]
  0x0000000019f3d800 JavaThread "C1 CompilerThread3" daemon [_thread_blocked, id=84, stack(0x000000001aa10000,0x000000001ab10000)]
  0x0000000019f33000 JavaThread "C2 CompilerThread2" daemon [_thread_in_native, id=12164, stack(0x000000001a910000,0x000000001aa10000)]
=>0x0000000019f30800 JavaThread "C2 CompilerThread1" daemon [_thread_in_native, id=10900, stack(0x000000001a810000,0x000000001a910000)]
  0x0000000019f2d000 JavaThread "C2 CompilerThread0" daemon [_thread_in_native, id=5440, stack(0x000000001a710000,0x000000001a810000)]
  0x0000000019f28000 JavaThread "Attach Listener" daemon [_thread_blocked, id=1352, stack(0x000000001a610000,0x000000001a710000)]
  0x000000001804e000 JavaThread "Signal Dispatcher" daemon [_thread_blocked, id=10124, stack(0x000000001a510000,0x000000001a610000)]
  0x0000000002fc9000 JavaThread "Finalizer" daemon [_thread_blocked, id=8716, stack(0x000000001a300000,0x000000001a400000)]
  0x000000001803d800 JavaThread "Reference Handler" daemon [_thread_blocked, id=5548, stack(0x0000000019e00000,0x0000000019f00000)]
  0x0000000002ed2800 JavaThread "main" [_thread_blocked, id=1844, stack(0x0000000002d70000,0x0000000002e70000)]

Other Threads:
  0x0000000018039800 VMThread [stack: 0x0000000019d00000,0x0000000019e00000] [id=11080]
  0x0000000019fdc000 WatcherThread [stack: 0x000000001ad70000,0x000000001ae70000] [id=6240]

VM state:not at safepoint (normal execution)

VM Mutex/Monitor currently owned by a thread: None

Heap:
 PSYoungGen      total 555520K, used 139766K [0x00000000d5580000, 0x0000000100000000, 0x0000000100000000)
  eden space 433664K, 10% used [0x00000000d5580000,0x00000000d8164468,0x00000000efd00000)
  from space 121856K, 77% used [0x00000000f8480000,0x00000000fe1195c8,0x00000000ffb80000)
  to   space 132608K, 0% used [0x00000000efd00000,0x00000000efd00000,0x00000000f7e80000)
 ParOldGen       total 476160K, used 329132K [0x0000000080000000, 0x000000009d100000, 0x00000000d5580000)
  object space 476160K, 69% used [0x0000000080000000,0x000000009416b0e0,0x000000009d100000)
 Metaspace       used 364800K, capacity 387374K, committed 389080K, reserved 1384448K
  class space    used 49290K, capacity 53115K, committed 53760K, reserved 1048576K

Card table byte_map: [0x0000000012390000,0x00000000127a0000] byte_map_base: 0x0000000011f90000

Marking Bits: (ParMarkBitMap*) 0x0000000054ab3c10
 Begin Bits: [0x0000000013250000, 0x0000000015250000)
 End Bits:   [0x0000000015250000, 0x0000000017250000)

Polling page: 0x00000000011a0000

CodeCache: size=245760Kb used=162862Kb max_used=164997Kb free=82897Kb
 bounds [0x0000000002fd0000, 0x000000000d240000, 0x0000000011fd0000]
 total_blobs=46814 nmethods=45888 adapters=834
 compilation: enabled

Compilation events (10 events):
Event: 59574.072 Thread 0x0000000019f3d800 97226       3       com.android.tools.r8.dex.r$$Lambda$10179/1631566462::accept (12 bytes)
Event: 59574.073 Thread 0x0000000019f3d800 nmethod 97226 0x0000000006151b10 code [0x0000000006151ce0, 0x00000000061522f8]
Event: 59574.078 Thread 0x0000000019f3d800 97227       3       com.android.tools.r8.graph.Q::equals (37 bytes)
Event: 59574.079 Thread 0x0000000019f3d800 nmethod 97227 0x000000000ad86790 code [0x000000000ad86920, 0x000000000ad86d68]
Event: 59574.084 Thread 0x0000000019f3d800 97223       3       com.android.tools.r8.graph.Q::hashCode (8 bytes)
Event: 59574.084 Thread 0x0000000019f3d800 nmethod 97223 0x000000000aa03d10 code [0x000000000aa03e80, 0x000000000aa04008]
Event: 59574.090 Thread 0x0000000019f2d000 97228       4       com.android.tools.r8.graph.v::equals (57 bytes)
Event: 59574.090 Thread 0x0000000019f3d800 97229       3       com.android.tools.r8.dex.t::a (46 bytes)
Event: 59574.091 Thread 0x0000000019f3d800 nmethod 97229 0x000000000a81ad90 code [0x000000000a81af40, 0x000000000a81b4a8]
Event: 59574.091 Thread 0x0000000019f3d800 97230       3       com.android.tools.r8.graph.b0::d0 (63 bytes)

GC Heap History (10 events):
Event: 57375.709 GC heap before
{Heap before GC invocations=204 (full 10):
 PSYoungGen      total 567296K, used 457787K [0x00000000d5580000, 0x0000000100000000, 0x0000000100000000)
  eden space 435712K, 100% used [0x00000000d5580000,0x00000000eff00000,0x00000000eff00000)
  from space 131584K, 16% used [0x00000000eff00000,0x00000000f148eef0,0x00000000f7f80000)
  to   space 128000K, 0% used [0x00000000f8300000,0x00000000f8300000,0x0000000100000000)
 ParOldGen       total 476160K, used 288174K [0x0000000080000000, 0x000000009d100000, 0x00000000d5580000)
  object space 476160K, 60% used [0x0000000080000000,0x000000009196b868,0x000000009d100000)
 Metaspace       used 336240K, capacity 356404K, committed 386008K, reserved 1382400K
  class space    used 45263K, capacity 48674K, committed 53760K, reserved 1048576K
Event: 57375.845 GC heap after
Heap after GC invocations=204 (full 10):
 PSYoungGen      total 559616K, used 82565K [0x00000000d5580000, 0x0000000100000000, 0x0000000100000000)
  eden space 431616K, 0% used [0x00000000d5580000,0x00000000d5580000,0x00000000efb00000)
  from space 128000K, 64% used [0x00000000f8300000,0x00000000fd3a1788,0x0000000100000000)
  to   space 133632K, 0% used [0x00000000efb00000,0x00000000efb00000,0x00000000f7d80000)
 ParOldGen       total 476160K, used 297629K [0x0000000080000000, 0x000000009d100000, 0x00000000d5580000)
  object space 476160K, 62% used [0x0000000080000000,0x00000000922a74c0,0x000000009d100000)
 Metaspace       used 336240K, capacity 356404K, committed 386008K, reserved 1382400K
  class space    used 45263K, capacity 48674K, committed 53760K, reserved 1048576K
}
Event: 59100.241 GC heap before
{Heap before GC invocations=205 (full 10):
 PSYoungGen      total 559616K, used 514181K [0x00000000d5580000, 0x0000000100000000, 0x0000000100000000)
  eden space 431616K, 100% used [0x00000000d5580000,0x00000000efb00000,0x00000000efb00000)
  from space 128000K, 64% used [0x00000000f8300000,0x00000000fd3a1788,0x0000000100000000)
  to   space 133632K, 0% used [0x00000000efb00000,0x00000000efb00000,0x00000000f7d80000)
 ParOldGen       total 476160K, used 297629K [0x0000000080000000, 0x000000009d100000, 0x00000000d5580000)
  object space 476160K, 62% used [0x0000000080000000,0x00000000922a74c0,0x000000009d100000)
 Metaspace       used 347063K, capacity 367740K, committed 386008K, reserved 1382400K
  class space    used 46798K, capacity 50338K, committed 53760K, reserved 1048576K
Event: 59100.416 GC heap after
Heap after GC invocations=205 (full 10):
 PSYoungGen      total 565248K, used 30368K [0x00000000d5580000, 0x00000000ffa80000, 0x0000000100000000)
  eden space 431616K, 0% used [0x00000000d5580000,0x00000000d5580000,0x00000000efb00000)
  from space 133632K, 22% used [0x00000000efb00000,0x00000000f18a8288,0x00000000f7d80000)
  to   space 128000K, 0% used [0x00000000f7d80000,0x00000000f7d80000,0x00000000ffa80000)
 ParOldGen       total 476160K, used 298301K [0x0000000080000000, 0x000000009d100000, 0x00000000d5580000)
  object space 476160K, 62% used [0x0000000080000000,0x000000009234f4f0,0x000000009d100000)
 Metaspace       used 347063K, capacity 367740K, committed 386008K, reserved 1382400K
  class space    used 46798K, capacity 50338K, committed 53760K, reserved 1048576K
}
Event: 59138.545 GC heap before
{Heap before GC invocations=206 (full 10):
 PSYoungGen      total 565248K, used 461984K [0x00000000d5580000, 0x00000000ffa80000, 0x0000000100000000)
  eden space 431616K, 100% used [0x00000000d5580000,0x00000000efb00000,0x00000000efb00000)
  from space 133632K, 22% used [0x00000000efb00000,0x00000000f18a8288,0x00000000f7d80000)
  to   space 128000K, 0% used [0x00000000f7d80000,0x00000000f7d80000,0x00000000ffa80000)
 ParOldGen       total 476160K, used 298301K [0x0000000080000000, 0x000000009d100000, 0x00000000d5580000)
  object space 476160K, 62% used [0x0000000080000000,0x000000009234f4f0,0x000000009d100000)
 Metaspace       used 358638K, capacity 380718K, committed 386008K, reserved 1382400K
  class space    used 48611K, capacity 52357K, committed 53760K, reserved 1048576K
Event: 59139.738 GC heap after
Heap after GC invocations=206 (full 10):
 PSYoungGen      total 560128K, used 61501K [0x00000000d5580000, 0x00000000ff580000, 0x0000000100000000)
  eden space 437248K, 0% used [0x00000000d5580000,0x00000000d5580000,0x00000000f0080000)
  from space 122880K, 50% used [0x00000000f7d80000,0x00000000fb98f6e0,0x00000000ff580000)
  to   space 125440K, 0% used [0x00000000f0080000,0x00000000f0080000,0x00000000f7b00000)
 ParOldGen       total 476160K, used 308621K [0x0000000080000000, 0x000000009d100000, 0x00000000d5580000)
  object space 476160K, 64% used [0x0000000080000000,0x0000000092d635f8,0x000000009d100000)
 Metaspace       used 358638K, capacity 380718K, committed 386008K, reserved 1382400K
  class space    used 48611K, capacity 52357K, committed 53760K, reserved 1048576K
}
Event: 59556.441 GC heap before
{Heap before GC invocations=207 (full 10):
 PSYoungGen      total 560128K, used 498749K [0x00000000d5580000, 0x00000000ff580000, 0x0000000100000000)
  eden space 437248K, 100% used [0x00000000d5580000,0x00000000f0080000,0x00000000f0080000)
  from space 122880K, 50% used [0x00000000f7d80000,0x00000000fb98f6e0,0x00000000ff580000)
  to   space 125440K, 0% used [0x00000000f0080000,0x00000000f0080000,0x00000000f7b00000)
 ParOldGen       total 476160K, used 308621K [0x0000000080000000, 0x000000009d100000, 0x00000000d5580000)
  object space 476160K, 64% used [0x0000000080000000,0x0000000092d635f8,0x000000009d100000)
 Metaspace       used 364730K, capacity 387280K, committed 389080K, reserved 1384448K
  class space    used 49288K, capacity 53112K, committed 53760K, reserved 1048576K
Event: 59556.577 GC heap after
Heap after GC invocations=207 (full 10):
 PSYoungGen      total 562688K, used 23456K [0x00000000d5580000, 0x00000000ffb80000, 0x0000000100000000)
  eden space 437248K, 0% used [0x00000000d5580000,0x00000000d5580000,0x00000000f0080000)
  from space 125440K, 18% used [0x00000000f0080000,0x00000000f1768118,0x00000000f7b00000)
  to   space 121856K, 0% used [0x00000000f8480000,0x00000000f8480000,0x00000000ffb80000)
 ParOldGen       total 476160K, used 318714K [0x0000000080000000, 0x000000009d100000, 0x00000000d5580000)
  object space 476160K, 66% used [0x0000000080000000,0x000000009373ea08,0x000000009d100000)
 Metaspace       used 364730K, capacity 387280K, committed 389080K, reserved 1384448K
  class space    used 49288K, capacity 53112K, committed 53760K, reserved 1048576K
}
Event: 59572.604 GC heap before
{Heap before GC invocations=208 (full 10):
 PSYoungGen      total 562688K, used 460688K [0x00000000d5580000, 0x00000000ffb80000, 0x0000000100000000)
  eden space 437248K, 99% used [0x00000000d5580000,0x00000000f007c2c0,0x00000000f0080000)
  from space 125440K, 18% used [0x00000000f0080000,0x00000000f1768118,0x00000000f7b00000)
  to   space 121856K, 0% used [0x00000000f8480000,0x00000000f8480000,0x00000000ffb80000)
 ParOldGen       total 476160K, used 318714K [0x0000000080000000, 0x000000009d100000, 0x00000000d5580000)
  object space 476160K, 66% used [0x0000000080000000,0x000000009373ea08,0x000000009d100000)
 Metaspace       used 364797K, capacity 387374K, committed 389080K, reserved 1384448K
  class space    used 49290K, capacity 53115K, committed 53760K, reserved 1048576K
Event: 59573.889 GC heap after
Heap after GC invocations=208 (full 10):
 PSYoungGen      total 555520K, used 94821K [0x00000000d5580000, 0x0000000100000000, 0x0000000100000000)
  eden space 433664K, 0% used [0x00000000d5580000,0x00000000d5580000,0x00000000efd00000)
  from space 121856K, 77% used [0x00000000f8480000,0x00000000fe1195c8,0x00000000ffb80000)
  to   space 132608K, 0% used [0x00000000efd00000,0x00000000efd00000,0x00000000f7e80000)
 ParOldGen       total 476160K, used 329132K [0x0000000080000000, 0x000000009d100000, 0x00000000d5580000)
  object space 476160K, 69% used [0x0000000080000000,0x000000009416b0e0,0x000000009d100000)
 Metaspace       used 364797K, capacity 387374K, committed 389080K, reserved 1384448K
  class space    used 49290K, capacity 53115K, committed 53760K, reserved 1048576K
}

Deoptimization events (10 events):
Event: 59567.085 Thread 0x0000000030802000 Uncommon trap: reason=class_check action=maybe_recompile pc=0x0000000008068988 method=com.android.tools.r8.graph.b0.Z()J @ 5
Event: 59567.085 Thread 0x0000000030802000 Uncommon trap: reason=class_check action=maybe_recompile pc=0x0000000008068988 method=com.android.tools.r8.graph.b0.Z()J @ 5
Event: 59567.097 Thread 0x0000000030802000 Uncommon trap: reason=unstable_if action=reinterpret pc=0x000000000b253d68 method=com.android.tools.r8.dex.r.b()Lcom/android/tools/r8/dex/r$a; @ 519
Event: 59571.265 Thread 0x000000001df7f000 Uncommon trap: reason=unloaded action=reinterpret pc=0x000000000a8e8594 method=com.android.tools.r8.code.u1.a(Ljava/nio/ShortBuffer;IILcom/android/tools/r8/graph/I0;)[Lcom/android/tools/r8/code/t1; @ 3422
Event: 59571.298 Thread 0x000000001df7f000 Uncommon trap: reason=unloaded action=reinterpret pc=0x00000000086e9fac method=com.android.tools.r8.code.u1.a(Ljava/nio/ShortBuffer;IILcom/android/tools/r8/graph/I0;)[Lcom/android/tools/r8/code/t1; @ 3929
Event: 59571.589 Thread 0x0000000030803800 Uncommon trap: reason=unstable_if action=reinterpret pc=0x000000000807bc5c method=com.android.tools.r8.graph.e0.c(Lcom/android/tools/r8/graph/e0;)I @ 80
Event: 59572.136 Thread 0x0000000030803800 Uncommon trap: reason=class_check action=maybe_recompile pc=0x00000000065aaad4 method=com.android.tools.r8.graph.W.a(Ljava/util/Collection;Lcom/android/tools/r8/naming/I;)V @ 40
Event: 59572.137 Thread 0x0000000030803800 Uncommon trap: reason=class_check action=maybe_recompile pc=0x00000000065aaad4 method=com.android.tools.r8.graph.W.a(Ljava/util/Collection;Lcom/android/tools/r8/naming/I;)V @ 40
Event: 59572.137 Thread 0x0000000030803800 Uncommon trap: reason=class_check action=maybe_recompile pc=0x00000000065aaad4 method=com.android.tools.r8.graph.W.a(Ljava/util/Collection;Lcom/android/tools/r8/naming/I;)V @ 40
Event: 59572.137 Thread 0x0000000030803800 Uncommon trap: reason=class_check action=maybe_recompile pc=0x00000000065aaad4 method=com.android.tools.r8.graph.W.a(Ljava/util/Collection;Lcom/android/tools/r8/naming/I;)V @ 40

Classes redefined (0 events):
No events

Internal exceptions (10 events):
Event: 59559.324 Thread 0x00000000307f8000 Exception <a 'sun/nio/fs/WindowsException'> (0x00000000dbce4c28) thrown at [C:\re\workspace\8-2-build-windows-amd64-cygwin\jdk8u172\10810\hotspot\src\share\vm\prims\jni.cpp, line 709]
Event: 59559.324 Thread 0x00000000307f8000 Exception <a 'sun/nio/fs/WindowsException'> (0x00000000dbce68f8) thrown at [C:\re\workspace\8-2-build-windows-amd64-cygwin\jdk8u172\10810\hotspot\src\share\vm\prims\jni.cpp, line 709]
Event: 59559.324 Thread 0x00000000307f8000 Exception <a 'sun/nio/fs/WindowsException'> (0x00000000dbce75a0) thrown at [C:\re\workspace\8-2-build-windows-amd64-cygwin\jdk8u172\10810\hotspot\src\share\vm\prims\jni.cpp, line 709]
Event: 59559.324 Thread 0x00000000307f8000 Exception <a 'sun/nio/fs/WindowsException'> (0x00000000dbce82e8) thrown at [C:\re\workspace\8-2-build-windows-amd64-cygwin\jdk8u172\10810\hotspot\src\share\vm\prims\jni.cpp, line 709]
Event: 59566.987 Thread 0x0000000030802000 Exception <a 'sun/nio/fs/WindowsException'> (0x00000000dff2de18) thrown at [C:\re\workspace\8-2-build-windows-amd64-cygwin\jdk8u172\10810\hotspot\src\share\vm\prims\jni.cpp, line 709]
Event: 59567.094 Thread 0x0000000030802000 Exception <a 'sun/nio/fs/WindowsException'> (0x00000000e01fe110) thrown at [C:\re\workspace\8-2-build-windows-amd64-cygwin\jdk8u172\10810\hotspot\src\share\vm\prims\jni.cpp, line 709]
Event: 59567.098 Thread 0x0000000030802000 Exception <a 'sun/nio/fs/WindowsException'> (0x00000000e0207c38) thrown at [C:\re\workspace\8-2-build-windows-amd64-cygwin\jdk8u172\10810\hotspot\src\share\vm\prims\jni.cpp, line 709]
Event: 59567.100 Thread 0x0000000030802000 Exception <a 'sun/nio/fs/WindowsException'> (0x00000000e02d0468) thrown at [C:\re\workspace\8-2-build-windows-amd64-cygwin\jdk8u172\10810\hotspot\src\share\vm\prims\jni.cpp, line 709]
Event: 59567.103 Thread 0x0000000030802000 Exception <a 'sun/nio/fs/WindowsException'> (0x00000000e02da4c0) thrown at [C:\re\workspace\8-2-build-windows-amd64-cygwin\jdk8u172\10810\hotspot\src\share\vm\prims\jni.cpp, line 709]
Event: 59570.484 Thread 0x0000000030803800 Exception <a 'sun/nio/fs/WindowsException'> (0x00000000e28e8788) thrown at [C:\re\workspace\8-2-build-windows-amd64-cygwin\jdk8u172\10810\hotspot\src\share\vm\prims\jni.cpp, line 709]

Events (10 events):
Event: 59574.065 Thread 0x0000000019f3d800 flushing nmethod 0x000000000b304bd0
Event: 59574.065 Thread 0x0000000019f3d800 flushing nmethod 0x000000000b324e10
Event: 59574.065 Thread 0x0000000019f3d800 flushing nmethod 0x000000000b326390
Event: 59574.065 Thread 0x0000000019f3d800 flushing nmethod 0x000000000b326810
Event: 59574.065 Thread 0x0000000019f3d800 flushing nmethod 0x000000000b326ed0
Event: 59574.065 Thread 0x0000000019f3d800 flushing nmethod 0x000000000b327850
Event: 59574.065 Thread 0x0000000019f3d800 flushing nmethod 0x000000000b332ad0
Event: 59574.082 Thread 0x0000000019f3d800 flushing nmethod 0x000000000cf599d0
Event: 59574.082 Thread 0x0000000019f3d800 flushing nmethod 0x000000000d01c050
Event: 59574.083 Thread 0x0000000019f3d800 flushing nmethod 0x000000000d01e790


Dynamic libraries:
0x00007ff7d5c70000 - 0x00007ff7d5ca7000 	C:\Program Files\Java\jdk1.8.0_172\bin\java.exe
0x00007ffa31b20000 - 0x00007ffa31d10000 	C:\WINDOWS\SYSTEM32\ntdll.dll
0x00007ffa31420000 - 0x00007ffa314d2000 	C:\WINDOWS\System32\KERNEL32.DLL
0x00007ffa2edb0000 - 0x00007ffa2f055000 	C:\WINDOWS\System32\KERNELBASE.dll
0x00007ffa31950000 - 0x00007ffa319f3000 	C:\WINDOWS\System32\ADVAPI32.dll
0x00007ffa30d50000 - 0x00007ffa30dee000 	C:\WINDOWS\System32\msvcrt.dll
0x00007ffa31180000 - 0x00007ffa31217000 	C:\WINDOWS\System32\sechost.dll
0x00007ffa2fc30000 - 0x00007ffa2fd50000 	C:\WINDOWS\System32\RPCRT4.dll
0x00007ffa30e20000 - 0x00007ffa30fb4000 	C:\WINDOWS\System32\USER32.dll
0x00007ffa2ed80000 - 0x00007ffa2eda1000 	C:\WINDOWS\System32\win32u.dll
0x00007ffa30120000 - 0x00007ffa30146000 	C:\WINDOWS\System32\GDI32.dll
0x00007ffa2f7f0000 - 0x00007ffa2f986000 	C:\WINDOWS\System32\gdi32full.dll
0x00007ffa2fb30000 - 0x00007ffa2fbce000 	C:\WINDOWS\System32\msvcp_win.dll
0x00007ffa2f9b0000 - 0x00007ffa2faaa000 	C:\WINDOWS\System32\ucrtbase.dll
0x00007ffa181c0000 - 0x00007ffa18444000 	C:\WINDOWS\WinSxS\amd64_microsoft.windows.common-controls_6595b64144ccf1df_6.0.18362.1198_none_9e820b57e45ad92f\COMCTL32.dll
0x00007ffa2fde0000 - 0x00007ffa30115000 	C:\WINDOWS\System32\combase.dll
0x00007ffa2eaa0000 - 0x00007ffa2eb20000 	C:\WINDOWS\System32\bcryptPrimitives.dll
0x00007ffa2fd50000 - 0x00007ffa2fd7e000 	C:\WINDOWS\System32\IMM32.DLL
0x0000000054b40000 - 0x0000000054c12000 	C:\Program Files\Java\jdk1.8.0_172\jre\bin\msvcr100.dll
0x0000000054290000 - 0x0000000054b33000 	C:\Program Files\Java\jdk1.8.0_172\jre\bin\server\jvm.dll
0x00007ffa30b20000 - 0x00007ffa30b28000 	C:\WINDOWS\System32\PSAPI.DLL
0x00007ffa2c8d0000 - 0x00007ffa2c8f4000 	C:\WINDOWS\SYSTEM32\WINMM.dll
0x00007ffa2b140000 - 0x00007ffa2b149000 	C:\WINDOWS\SYSTEM32\WSOCK32.dll
0x00007ffa1f560000 - 0x00007ffa1f56a000 	C:\WINDOWS\SYSTEM32\VERSION.dll
0x00007ffa30b30000 - 0x00007ffa30b9f000 	C:\WINDOWS\System32\WS2_32.dll
0x00007ffa2c150000 - 0x00007ffa2c17d000 	C:\WINDOWS\SYSTEM32\WINMMBASE.dll
0x00007ffa2fab0000 - 0x00007ffa2fafa000 	C:\WINDOWS\System32\cfgmgr32.dll
0x0000000054280000 - 0x000000005428f000 	C:\Program Files\Java\jdk1.8.0_172\jre\bin\verify.dll
0x0000000054250000 - 0x0000000054279000 	C:\Program Files\Java\jdk1.8.0_172\jre\bin\java.dll
0x0000000054230000 - 0x0000000054246000 	C:\Program Files\Java\jdk1.8.0_172\jre\bin\zip.dll
0x00007ffa30430000 - 0x00007ffa30b17000 	C:\WINDOWS\System32\SHELL32.dll
0x00007ffa30380000 - 0x00007ffa30429000 	C:\WINDOWS\System32\shcore.dll
0x00007ffa2f060000 - 0x00007ffa2f7e1000 	C:\WINDOWS\System32\windows.storage.dll
0x00007ffa2ea70000 - 0x00007ffa2ea93000 	C:\WINDOWS\System32\profapi.dll
0x00007ffa2ea20000 - 0x00007ffa2ea6a000 	C:\WINDOWS\System32\powrprof.dll
0x00007ffa2e9d0000 - 0x00007ffa2e9e0000 	C:\WINDOWS\System32\UMPDC.dll
0x00007ffa2fbd0000 - 0x00007ffa2fc22000 	C:\WINDOWS\System32\shlwapi.dll
0x00007ffa2ea00000 - 0x00007ffa2ea11000 	C:\WINDOWS\System32\kernel.appcore.dll
0x00007ffa2f990000 - 0x00007ffa2f9a7000 	C:\WINDOWS\System32\cryptsp.dll
0x0000000054210000 - 0x000000005422a000 	C:\Program Files\Java\jdk1.8.0_172\jre\bin\net.dll
0x00007ffa2e1c0000 - 0x00007ffa2e227000 	C:\WINDOWS\system32\mswsock.dll
0x00000000541f0000 - 0x0000000054201000 	C:\Program Files\Java\jdk1.8.0_172\jre\bin\nio.dll
0x00007ffa1f2e0000 - 0x00007ffa1f306000 	C:\Users\gabri\.gradle\native\31\windows-amd64\native-platform.dll
0x00000000541e0000 - 0x00000000541ed000 	C:\Program Files\Java\jdk1.8.0_172\jre\bin\management.dll
0x00007ffa2dd30000 - 0x00007ffa2dd63000 	C:\WINDOWS\system32\rsaenh.dll
0x00007ffa2fb00000 - 0x00007ffa2fb26000 	C:\WINDOWS\System32\bcrypt.dll
0x00007ffa2e8f0000 - 0x00007ffa2e915000 	C:\WINDOWS\SYSTEM32\USERENV.dll
0x00007ffa2e390000 - 0x00007ffa2e39c000 	C:\WINDOWS\SYSTEM32\CRYPTBASE.dll
0x00007ffa2ded0000 - 0x00007ffa2df0a000 	C:\WINDOWS\SYSTEM32\IPHLPAPI.DLL
0x00007ffa313a0000 - 0x00007ffa313a8000 	C:\WINDOWS\System32\NSI.dll
0x00007ffa26730000 - 0x00007ffa26746000 	C:\WINDOWS\SYSTEM32\dhcpcsvc6.DLL
0x00007ffa26b50000 - 0x00007ffa26b6c000 	C:\WINDOWS\SYSTEM32\dhcpcsvc.DLL
0x00007ffa2df10000 - 0x00007ffa2dfdb000 	C:\WINDOWS\SYSTEM32\DNSAPI.dll
0x00000000541b0000 - 0x00000000541d4000 	C:\Program Files\Java\jdk1.8.0_172\jre\bin\sunec.dll
0x00007ffa22ba0000 - 0x00007ffa22baa000 	C:\Windows\System32\rasadhlp.dll
0x00007ffa25110000 - 0x00007ffa25187000 	C:\WINDOWS\System32\fwpuclnt.dll
0x00000000541a0000 - 0x00000000541ab000 	C:\Program Files\Java\jdk1.8.0_172\jre\bin\sunmscapi.dll
0x00007ffa2ebd0000 - 0x00007ffa2ed19000 	C:\WINDOWS\System32\CRYPT32.dll
0x00007ffa2e9e0000 - 0x00007ffa2e9f2000 	C:\WINDOWS\System32\MSASN1.dll

VM Arguments:
jvm_args: -Xmx2048m -Dfile.encoding=windows-1252 -Duser.country=BR -Duser.language=pt -Duser.variant 
java_command: org.gradle.launcher.daemon.bootstrap.GradleDaemon 6.1.1
java_class_path (initial): C:\Users\gabri\.gradle\wrapper\dists\gradle-6.1.1-all\cfmwm155h49vnt3hynmlrsdst\gradle-6.1.1\lib\gradle-launcher-6.1.1.jar
Launcher Type: SUN_STANDARD

Environment Variables:
JAVA_HOME=C:\ProgramFiles\Java\jdk1.8.0_172
PATH=C:\Program Files (x86)\Falcon\MinGW\bin;C:\Program Files (x86)\Common Files\Oracle\Java\javapath;C:\Program Files (x86)\Intel\iCLS Client\;C:\Program Files\Intel\iCLS Client\;C:\Windows\system32;C:\Windows;C:\Windows\System32\Wbem;C:\Windows\System32\WindowsPowerShell\v1.0\;C:\Program Files (x86)\Intel\Intel(R) Management Engine Components\DAL;C:\Program Files\Intel\Intel(R) Management Engine Components\DAL;C:\Program Files (x86)\Intel\Intel(R) Management Engine Components\IPT;C:\Program Files\Intel\Intel(R) Management Engine Components\IPT;C:\Program Files (x86)\NVIDIA Corporation\PhysX\Common;C:\WINDOWS\system32;C:\WINDOWS;C:\WINDOWS\System32\Wbem;C:\WINDOWS\System32\WindowsPowerShell\v1.0\;C:\WINDOWS\System32\OpenSSH\;C:\Program Files\Git\cmd;C:\Program Files\NVIDIA Corporation\NVIDIA NvDLISR;C:\ProgramData\chocolatey\bin;C:\Program Files\nodejs\;C:\Program Files (x86)\Yarn\bin\;C:\WINDOWS\system32;C:\WINDOWS;C:\WINDOWS\System32\Wbem;C:\WINDOWS\System32\WindowsPowerShell\v1.0\;C:\WINDOWS\System32\OpenSSH\;C:\Users\gabri\AppData\Local\Programs\Python\Python37-32\Scripts\;C:\Users\gabri\AppData\Local\Programs\Python\Python37-32\;C:\Users\gabri\AppData\Local\Microsoft\WindowsApps;C:\Program Files\MySQL\MySQL Server 8.0\bin;C:\Users\gabri\AppData\Local\Programs\Microsoft VS Code\bin;C:\Users\gabri\AppData\Roaming\npm;C:\Users\gabri\AppData\Local\Yarn\bin;;
USERNAME=gabri
OS=Windows_NT
PROCESSOR_IDENTIFIER=Intel64 Family 6 Model 142 Stepping 10, GenuineIntel



---------------  S Y S T E M  ---------------

OS: Windows 10.0 , 64 bit Build 18362 (10.0.18362.1110)

CPU:total 8 (initial active 8) (4 cores per cpu, 2 threads per core) family 6 model 142 stepping 10, cmov, cx8, fxsr, mmx, sse, sse2, sse3, ssse3, sse4.1, sse4.2, popcnt, avx, avx2, aes, clmul, erms, 3dnowpref, lzcnt, ht, tsc, tscinvbit, bmi1, bmi2, adx

Memory: 4k page, physical 8260324k(587612k free), swap 13380288k(4876k free)

vm_info: Java HotSpot(TM) 64-Bit Server VM (25.172-b11) for windows-amd64 JRE (1.8.0_172-b11), built on Mar 28 2018 21:21:52 by "java_re" with MS VC++ 10.0 (VS2010)

time: Tue Dec 01 05:01:23 2020
elapsed time: 59574 seconds (0d 16h 32m 54s)

