#
# There is insufficient memory for the Java Runtime Environment to continue.
# Native memory allocation (malloc) failed to allocate 1050800 bytes for Chunk::new
# Possible reasons:
#   The system is out of physical RAM or swap space
#   In 32 bit mode, the process size limit was hit
# Possible solutions:
#   Reduce memory load on the system
#   Increase physical memory or swap space
#   Check if swap backing store is full
#   Use 64 bit Java on a 64 bit OS
#   Decrease Java heap size (-Xmx/-Xms)
#   Decrease number of Java threads
#   Decrease Java thread stack sizes (-Xss)
#   Set larger code cache with -XX:ReservedCodeCacheSize=
# This output file may be truncated or incomplete.
#
#  Out of Memory Error (allocation.cpp:390), pid=372, tid=0x0000000000001e8c
#
# JRE version: Java(TM) SE Runtime Environment (8.0_172-b11) (build 1.8.0_172-b11)
# Java VM: Java HotSpot(TM) 64-Bit Server VM (25.172-b11 mixed mode windows-amd64 compressed oops)
# Failed to write core dump. Minidumps are not enabled by default on client versions of Windows
#

---------------  T H R E A D  ---------------

Current thread (0x0000000019a76800):  JavaThread "C2 CompilerThread2" daemon [_thread_in_native, id=7820, stack(0x000000001a450000,0x000000001a550000)]

Stack: [0x000000001a450000,0x000000001a550000]
[error occurred during error reporting (printing stack bounds), id 0xc0000005]

Native frames: (J=compiled Java code, j=interpreted, Vv=VM code, C=native code)


Current CompileTask:
C2:3771046 21876       4       org.gradle.execution.plan.TaskNode::doCheckDependenciesComplete (126 bytes)


---------------  P R O C E S S  ---------------

Java Threads: ( => current thread )
  0x00000000200e8000 JavaThread "pool-17-thread-1" [_thread_blocked, id=10636, stack(0x0000000028a90000,0x0000000028b90000)]
  0x00000000200e7000 JavaThread "WorkerExecutor Queue" [_thread_in_native, id=9100, stack(0x0000000028990000,0x0000000028a90000)]
  0x00000000200e4000 JavaThread "Cache worker for execution history cache (C:\Users\gabri\AndroidStudioProjects\AppTattoo\.gradle\6.1.1\executionHistory)" [_thread_blocked, id=8880, stack(0x0000000028600000,0x0000000028700000)]
  0x00000000200e5000 JavaThread "Execution worker for ':' Thread 7" [_thread_blocked, id=5980, stack(0x0000000028500000,0x0000000028600000)]
  0x00000000200e2800 JavaThread "Execution worker for ':' Thread 6" [_thread_in_native, id=9408, stack(0x0000000028400000,0x0000000028500000)]
  0x00000000200e6800 JavaThread "Execution worker for ':' Thread 5" [_thread_in_native, id=13368, stack(0x0000000028100000,0x0000000028200000)]
  0x00000000200e5800 JavaThread "Execution worker for ':' Thread 4" [_thread_blocked, id=7480, stack(0x0000000028000000,0x0000000028100000)]
  0x00000000200e3800 JavaThread "Execution worker for ':' Thread 3" [_thread_blocked, id=16120, stack(0x0000000027d00000,0x0000000027e00000)]
  0x00000000200db000 JavaThread "Execution worker for ':' Thread 2" [_thread_in_native, id=15724, stack(0x00000000268a0000,0x00000000269a0000)]
  0x00000000200e2000 JavaThread "Execution worker for ':'" [_thread_blocked, id=6592, stack(0x00000000267a0000,0x00000000268a0000)]
  0x00000000200da800 JavaThread "Cache worker for file content cache (C:\Users\gabri\AndroidStudioProjects\AppTattoo\.gradle\6.1.1\fileContent)" [_thread_blocked, id=16636, stack(0x00000000266a0000,0x00000000267a0000)]
  0x00000000200e0800 JavaThread "Cache worker for Build Output Cleanup Cache (C:\Users\gabri\AndroidStudioProjects\AppTattoo\.gradle\buildOutputCleanup)" [_thread_blocked, id=5408, stack(0x0000000025fa0000,0x00000000260a0000)]
  0x00000000200de000 JavaThread "Build operations Thread 8" [_thread_blocked, id=4820, stack(0x00000000250a0000,0x00000000251a0000)]
  0x00000000200e1000 JavaThread "Build operations Thread 7" [_thread_blocked, id=18220, stack(0x00000000249a0000,0x0000000024aa0000)]
  0x00000000200df000 JavaThread "Build operations Thread 6" [_thread_blocked, id=12168, stack(0x00000000248a0000,0x00000000249a0000)]
  0x00000000200d9800 JavaThread "Build operations Thread 5" [_thread_blocked, id=7292, stack(0x0000000023710000,0x0000000023810000)]
  0x00000000200dd800 JavaThread "Build operations Thread 4" [_thread_blocked, id=5464, stack(0x0000000023610000,0x0000000023710000)]
  0x00000000200dc800 JavaThread "Build operations Thread 3" [_thread_blocked, id=10584, stack(0x0000000023510000,0x0000000023610000)]
  0x00000000208dc800 JavaThread "Build operations Thread 2" [_thread_blocked, id=12384, stack(0x00000000231a0000,0x00000000232a0000)]
  0x00000000208db000 JavaThread "Build operations" [_thread_blocked, id=2404, stack(0x00000000230a0000,0x00000000231a0000)]
  0x00000000208dc000 JavaThread "Cache worker for cache directory md-rule (C:\Users\gabri\.gradle\caches\6.1.1\md-rule)" [_thread_blocked, id=5472, stack(0x0000000022500000,0x0000000022600000)]
  0x00000000208dd800 JavaThread "Cache worker for cache directory md-supplier (C:\Users\gabri\.gradle\caches\6.1.1\md-supplier)" [_thread_blocked, id=15816, stack(0x0000000022160000,0x0000000022260000)]
  0x00000000208d9800 JavaThread "Cache worker for file hash cache (C:\Users\gabri\AndroidStudioProjects\AppTattoo\.gradle\6.1.1\fileHashes)" [_thread_blocked, id=10612, stack(0x0000000021f60000,0x0000000022060000)]
  0x00000000208d2000 JavaThread "Cache worker for checksums cache (C:\Users\gabri\AndroidStudioProjects\AppTattoo\.gradle\checksums)" [_thread_blocked, id=6536, stack(0x0000000021e60000,0x0000000021f60000)]
  0x00000000208d1800 JavaThread "Thread-196" [_thread_blocked, id=5512, stack(0x0000000020d30000,0x0000000020e30000)]
  0x00000000208d8000 JavaThread "Stdin handler" [_thread_blocked, id=2160, stack(0x0000000020c30000,0x0000000020d30000)]
  0x00000000208d6800 JavaThread "Asynchronous log dispatcher for DefaultDaemonConnection: socket connection from /127.0.0.1:60383 to /127.0.0.1:62316" [_thread_blocked, id=13348, stack(0x000000001df90000,0x000000001e090000)]
  0x00000000208d6000 JavaThread "Daemon worker Thread 6" [_thread_in_native, id=6832, stack(0x000000001de90000,0x000000001df90000)]
  0x00000000208d0800 JavaThread "Cancel handler" [_thread_blocked, id=8964, stack(0x000000001dd90000,0x000000001de90000)]
  0x00000000208d5000 JavaThread "Handler for socket connection from /127.0.0.1:60383 to /127.0.0.1:62316" [_thread_in_native, id=16744, stack(0x000000001da90000,0x000000001db90000)]
  0x00000000208d7800 JavaThread "Daemon Thread 6" [_thread_blocked, id=13672, stack(0x000000001d990000,0x000000001da90000)]
  0x00000000208d4800 JavaThread "Cache worker for Java compile cache (C:\Users\gabri\.gradle\caches\6.1.1\javaCompile)" [_thread_blocked, id=17700, stack(0x0000000029300000,0x0000000029400000)]
  0x000000001d071000 JavaThread "Cache worker for file content cache (C:\Users\gabri\.gradle\caches\6.1.1\fileContent)" [_thread_blocked, id=13920, stack(0x0000000025ea0000,0x0000000025fa0000)]
  0x000000001d070800 JavaThread "Memory manager" [_thread_blocked, id=2072, stack(0x0000000025ba0000,0x0000000025ca0000)]
  0x000000001c4a0800 JavaThread "Cache worker for execution history cache (C:\Users\gabri\.gradle\caches\6.1.1\executionHistory)" [_thread_blocked, id=12708, stack(0x0000000022060000,0x0000000022160000)]
  0x000000001c49e800 JavaThread "Cache worker for file hash cache (C:\Users\gabri\.gradle\caches\6.1.1\fileHashes)" [_thread_blocked, id=7672, stack(0x000000001e790000,0x000000001e890000)]
  0x000000001c49d800 JavaThread "File lock request listener" [_thread_in_native, id=1616, stack(0x000000001e690000,0x000000001e790000)]
  0x000000001c49b800 JavaThread "Cache worker for journal cache (C:\Users\gabri\.gradle\caches\journal-1)" [_thread_blocked, id=10648, stack(0x000000001e590000,0x000000001e690000)]
  0x000000001c2fc800 JavaThread "Daemon periodic checks" [_thread_blocked, id=17084, stack(0x000000001d890000,0x000000001d990000)]
  0x000000001c2e7800 JavaThread "Incoming local TCP Connector on port 60383" [_thread_in_native, id=13996, stack(0x000000001d790000,0x000000001d890000)]
  0x000000001c1b6000 JavaThread "Daemon health stats" [_thread_blocked, id=6276, stack(0x000000001d150000,0x000000001d250000)]
  0x0000000019afc800 JavaThread "Service Thread" daemon [_thread_blocked, id=15072, stack(0x000000001a650000,0x000000001a750000)]
  0x0000000019a7e000 JavaThread "C1 CompilerThread3" daemon [_thread_blocked, id=4564, stack(0x000000001a550000,0x000000001a650000)]
=>0x0000000019a76800 JavaThread "C2 CompilerThread2" daemon [_thread_in_native, id=7820, stack(0x000000001a450000,0x000000001a550000)]
  0x0000000019a72800 JavaThread "C2 CompilerThread1" daemon [_thread_in_native, id=11768, stack(0x000000001a350000,0x000000001a450000)]
  0x0000000019a6c800 JavaThread "C2 CompilerThread0" daemon [_thread_in_native, id=5364, stack(0x000000001a250000,0x000000001a350000)]
  0x0000000019a69000 JavaThread "Attach Listener" daemon [_thread_blocked, id=10752, stack(0x000000001a150000,0x000000001a250000)]
  0x0000000019a68000 JavaThread "Signal Dispatcher" daemon [_thread_blocked, id=8124, stack(0x000000001a050000,0x000000001a150000)]
  0x0000000019a60800 JavaThread "Finalizer" daemon [_thread_blocked, id=6456, stack(0x0000000019e40000,0x0000000019f40000)]
  0x0000000002b07000 JavaThread "Reference Handler" daemon [_thread_blocked, id=13028, stack(0x0000000019940000,0x0000000019a40000)]
  0x0000000002a12800 JavaThread "main" [_thread_blocked, id=16400, stack(0x0000000002910000,0x0000000002a10000)]

Other Threads:
  0x0000000017b79800 VMThread [stack: 0x0000000019840000,0x0000000019940000] [id=9324]
  0x0000000019b0e000 WatcherThread [stack: 0x000000001a8b0000,0x000000001a9b0000] [id=12440]

VM state:not at safepoint (normal execution)

VM Mutex/Monitor currently owned by a thread: None

Heap:
 PSYoungGen      total 334336K, used 195368K [0x00000000d5580000, 0x00000000f0680000, 0x0000000100000000)
  eden space 251904K, 60% used [0x00000000d5580000,0x00000000deb189f0,0x00000000e4b80000)
  from space 82432K, 51% used [0x00000000e4b80000,0x00000000e74b1910,0x00000000e9c00000)
  to   space 80384K, 0% used [0x00000000eb800000,0x00000000eb800000,0x00000000f0680000)
 ParOldGen       total 284160K, used 173331K [0x0000000080000000, 0x0000000091580000, 0x00000000d5580000)
  object space 284160K, 60% used [0x0000000080000000,0x000000008a944fc8,0x0000000091580000)
 Metaspace       used 94145K, capacity 98768K, committed 99328K, reserved 1134592K
  class space    used 12459K, capacity 13342K, committed 13568K, reserved 1048576K

Card table byte_map: [0x0000000011ed0000,0x00000000122e0000] byte_map_base: 0x0000000011ad0000

Marking Bits: (ParMarkBitMap*) 0x0000000077f73c10
 Begin Bits: [0x0000000012d90000, 0x0000000014d90000)
 End Bits:   [0x0000000014d90000, 0x0000000016d90000)

Polling page: 0x00000000027b0000

CodeCache: size=245760Kb used=60134Kb max_used=60134Kb free=185625Kb
 bounds [0x0000000002b10000, 0x0000000006620000, 0x0000000011b10000]
 total_blobs=17618 nmethods=16735 adapters=791
 compilation: enabled

Compilation events (10 events):
Event: 3770.639 Thread 0x0000000019a6c800 21913       4       com.android.ide.common.resources.MergedResourceWriter::addItem (9 bytes)
Event: 3770.639 Thread 0x0000000019a72800 21914   !   4       com.android.ide.common.resources.MergedResourceWriter::addItem (161 bytes)
Event: 3770.666 Thread 0x0000000019a72800 nmethod 21914 0x000000000660e810 code [0x000000000660e9e0, 0x000000000660efe0]
Event: 3770.667 Thread 0x0000000019a6c800 nmethod 21913 0x000000000660a450 code [0x000000000660a620, 0x000000000660ac20]
Event: 3770.710 Thread 0x0000000019a72800 21915 %     4       java.util.Properties::saveConvert @ 35 (434 bytes)
Event: 3770.723 Thread 0x0000000019a6c800 21916 %     4       com.android.ide.common.resources.DataSet::appendToXml @ 224 (390 bytes)
Event: 3770.726 Thread 0x0000000019a7e000 21917       3       com.android.ide.common.resources.ResourceMergerItem::addExtraAttributes (16 bytes)
Event: 3770.727 Thread 0x0000000019a7e000 nmethod 21917 0x000000000660e390 code [0x000000000660e500, 0x000000000660e748]
Event: 3770.727 Thread 0x0000000019a7e000 21918       3       com.sun.org.apache.xerces.internal.dom.DeferredDocumentImpl::getChunkValue (19 bytes)
Event: 3770.727 Thread 0x0000000019a7e000 nmethod 21918 0x000000000660dd90 code [0x000000000660df00, 0x000000000660e1f0]

GC Heap History (10 events):
Event: 3157.812 GC heap before
{Heap before GC invocations=35 (full 4):
 PSYoungGen      total 257536K, used 230210K [0x00000000d5580000, 0x00000000e8b80000, 0x0000000100000000)
  eden space 198656K, 99% used [0x00000000d5580000,0x00000000e1775250,0x00000000e1780000)
  from space 58880K, 53% used [0x00000000e5200000,0x00000000e70db7d0,0x00000000e8b80000)
  to   space 59392K, 0% used [0x00000000e1780000,0x00000000e1780000,0x00000000e5180000)
 ParOldGen       total 284160K, used 149613K [0x0000000080000000, 0x0000000091580000, 0x00000000d5580000)
  object space 284160K, 52% used [0x0000000080000000,0x000000008921b778,0x0000000091580000)
 Metaspace       used 93338K, capacity 97784K, committed 98816K, reserved 1134592K
  class space    used 12419K, capacity 13272K, committed 13568K, reserved 1048576K
Event: 3160.199 GC heap after
Heap after GC invocations=35 (full 4):
 PSYoungGen      total 258048K, used 45934K [0x00000000d5580000, 0x00000000ead80000, 0x0000000100000000)
  eden space 198656K, 0% used [0x00000000d5580000,0x00000000d5580000,0x00000000e1780000)
  from space 59392K, 77% used [0x00000000e1780000,0x00000000e445b9e0,0x00000000e5180000)
  to   space 64000K, 0% used [0x00000000e6f00000,0x00000000e6f00000,0x00000000ead80000)
 ParOldGen       total 284160K, used 152253K [0x0000000080000000, 0x0000000091580000, 0x00000000d5580000)
  object space 284160K, 53% used [0x0000000080000000,0x00000000894af7d8,0x0000000091580000)
 Metaspace       used 93338K, capacity 97784K, committed 98816K, reserved 1134592K
  class space    used 12419K, capacity 13272K, committed 13568K, reserved 1048576K
}
Event: 3192.624 GC heap before
{Heap before GC invocations=36 (full 4):
 PSYoungGen      total 258048K, used 244590K [0x00000000d5580000, 0x00000000ead80000, 0x0000000100000000)
  eden space 198656K, 100% used [0x00000000d5580000,0x00000000e1780000,0x00000000e1780000)
  from space 59392K, 77% used [0x00000000e1780000,0x00000000e445b9e0,0x00000000e5180000)
  to   space 64000K, 0% used [0x00000000e6f00000,0x00000000e6f00000,0x00000000ead80000)
 ParOldGen       total 284160K, used 152253K [0x0000000080000000, 0x0000000091580000, 0x00000000d5580000)
  object space 284160K, 53% used [0x0000000080000000,0x00000000894af7d8,0x0000000091580000)
 Metaspace       used 93602K, capacity 98068K, committed 98816K, reserved 1134592K
  class space    used 12427K, capacity 13286K, committed 13568K, reserved 1048576K
Event: 3192.810 GC heap after
Heap after GC invocations=36 (full 4):
 PSYoungGen      total 280064K, used 34043K [0x00000000d5580000, 0x00000000ea880000, 0x0000000100000000)
  eden space 221184K, 0% used [0x00000000d5580000,0x00000000d5580000,0x00000000e2d80000)
  from space 58880K, 57% used [0x00000000e6f00000,0x00000000e903ef88,0x00000000ea880000)
  to   space 62976K, 0% used [0x00000000e2d80000,0x00000000e2d80000,0x00000000e6b00000)
 ParOldGen       total 284160K, used 152261K [0x0000000080000000, 0x0000000091580000, 0x00000000d5580000)
  object space 284160K, 53% used [0x0000000080000000,0x00000000894b17d8,0x0000000091580000)
 Metaspace       used 93602K, capacity 98068K, committed 98816K, reserved 1134592K
  class space    used 12427K, capacity 13286K, committed 13568K, reserved 1048576K
}
Event: 3197.142 GC heap before
{Heap before GC invocations=37 (full 4):
 PSYoungGen      total 280064K, used 255227K [0x00000000d5580000, 0x00000000ea880000, 0x0000000100000000)
  eden space 221184K, 100% used [0x00000000d5580000,0x00000000e2d80000,0x00000000e2d80000)
  from space 58880K, 57% used [0x00000000e6f00000,0x00000000e903ef88,0x00000000ea880000)
  to   space 62976K, 0% used [0x00000000e2d80000,0x00000000e2d80000,0x00000000e6b00000)
 ParOldGen       total 284160K, used 152261K [0x0000000080000000, 0x0000000091580000, 0x00000000d5580000)
  object space 284160K, 53% used [0x0000000080000000,0x00000000894b17d8,0x0000000091580000)
 Metaspace       used 93682K, capacity 98178K, committed 99072K, reserved 1134592K
  class space    used 12430K, capacity 13291K, committed 13568K, reserved 1048576K
Event: 3197.651 GC heap after
Heap after GC invocations=37 (full 4):
 PSYoungGen      total 284160K, used 62960K [0x00000000d5580000, 0x00000000eea80000, 0x0000000100000000)
  eden space 221184K, 0% used [0x00000000d5580000,0x00000000d5580000,0x00000000e2d80000)
  from space 62976K, 99% used [0x00000000e2d80000,0x00000000e6afc0e8,0x00000000e6b00000)
  to   space 79872K, 0% used [0x00000000e9c80000,0x00000000e9c80000,0x00000000eea80000)
 ParOldGen       total 284160K, used 172963K [0x0000000080000000, 0x0000000091580000, 0x00000000d5580000)
  object space 284160K, 60% used [0x0000000080000000,0x000000008a8e8fa8,0x0000000091580000)
 Metaspace       used 93682K, capacity 98178K, committed 99072K, reserved 1134592K
  class space    used 12430K, capacity 13291K, committed 13568K, reserved 1048576K
}
Event: 3494.294 GC heap before
{Heap before GC invocations=38 (full 4):
 PSYoungGen      total 284160K, used 284144K [0x00000000d5580000, 0x00000000eea80000, 0x0000000100000000)
  eden space 221184K, 100% used [0x00000000d5580000,0x00000000e2d80000,0x00000000e2d80000)
  from space 62976K, 99% used [0x00000000e2d80000,0x00000000e6afc0e8,0x00000000e6b00000)
  to   space 79872K, 0% used [0x00000000e9c80000,0x00000000e9c80000,0x00000000eea80000)
 ParOldGen       total 284160K, used 172963K [0x0000000080000000, 0x0000000091580000, 0x00000000d5580000)
  object space 284160K, 60% used [0x0000000080000000,0x000000008a8e8fa8,0x0000000091580000)
 Metaspace       used 93857K, capacity 98424K, committed 99072K, reserved 1134592K
  class space    used 12434K, capacity 13298K, committed 13568K, reserved 1048576K
Event: 3496.171 GC heap after
Heap after GC invocations=38 (full 4):
 PSYoungGen      total 331776K, used 52966K [0x00000000d5580000, 0x00000000eec80000, 0x0000000100000000)
  eden space 251904K, 0% used [0x00000000d5580000,0x00000000d5580000,0x00000000e4b80000)
  from space 79872K, 66% used [0x00000000e9c80000,0x00000000ed039b30,0x00000000eea80000)
  to   space 82432K, 0% used [0x00000000e4b80000,0x00000000e4b80000,0x00000000e9c00000)
 ParOldGen       total 284160K, used 173091K [0x0000000080000000, 0x0000000091580000, 0x00000000d5580000)
  object space 284160K, 60% used [0x0000000080000000,0x000000008a908fa8,0x0000000091580000)
 Metaspace       used 93857K, capacity 98424K, committed 99072K, reserved 1134592K
  class space    used 12434K, capacity 13298K, committed 13568K, reserved 1048576K
}
Event: 3766.384 GC heap before
{Heap before GC invocations=39 (full 4):
 PSYoungGen      total 331776K, used 304870K [0x00000000d5580000, 0x00000000eec80000, 0x0000000100000000)
  eden space 251904K, 100% used [0x00000000d5580000,0x00000000e4b80000,0x00000000e4b80000)
  from space 79872K, 66% used [0x00000000e9c80000,0x00000000ed039b30,0x00000000eea80000)
  to   space 82432K, 0% used [0x00000000e4b80000,0x00000000e4b80000,0x00000000e9c00000)
 ParOldGen       total 284160K, used 173091K [0x0000000080000000, 0x0000000091580000, 0x00000000d5580000)
  object space 284160K, 60% used [0x0000000080000000,0x000000008a908fa8,0x0000000091580000)
 Metaspace       used 93971K, capacity 98560K, committed 99328K, reserved 1134592K
  class space    used 12440K, capacity 13308K, committed 13568K, reserved 1048576K
Event: 3766.516 GC heap after
Heap after GC invocations=39 (full 4):
 PSYoungGen      total 334336K, used 42182K [0x00000000d5580000, 0x00000000f0680000, 0x0000000100000000)
  eden space 251904K, 0% used [0x00000000d5580000,0x00000000d5580000,0x00000000e4b80000)
  from space 82432K, 51% used [0x00000000e4b80000,0x00000000e74b1910,0x00000000e9c00000)
  to   space 80384K, 0% used [0x00000000eb800000,0x00000000eb800000,0x00000000f0680000)
 ParOldGen       total 284160K, used 173331K [0x0000000080000000, 0x0000000091580000, 0x00000000d5580000)
  object space 284160K, 60% used [0x0000000080000000,0x000000008a944fc8,0x0000000091580000)
 Metaspace       used 93971K, capacity 98560K, committed 99328K, reserved 1134592K
  class space    used 12440K, capacity 13308K, committed 13568K, reserved 1048576K
}

Deoptimization events (10 events):
Event: 3492.858 Thread 0x000000001d075000 Uncommon trap: reason=class_check action=maybe_recompile pc=0x0000000004400f9c method=org.gradle.internal.component.model.ImmutableModuleSources.getSource(Ljava/lang/Class;)Ljava/util/Optional; @ 32
Event: 3492.858 Thread 0x00000000200db000 Uncommon trap: reason=class_check action=maybe_recompile pc=0x0000000004400f9c method=org.gradle.internal.component.model.ImmutableModuleSources.getSource(Ljava/lang/Class;)Ljava/util/Optional; @ 32
Event: 3492.858 Thread 0x00000000200de000 Uncommon trap: reason=class_check action=maybe_recompile pc=0x0000000004400f9c method=org.gradle.internal.component.model.ImmutableModuleSources.getSource(Ljava/lang/Class;)Ljava/util/Optional; @ 32
Event: 3492.858 Thread 0x00000000200da800 Uncommon trap: reason=class_check action=maybe_recompile pc=0x0000000004400f9c method=org.gradle.internal.component.model.ImmutableModuleSources.getSource(Ljava/lang/Class;)Ljava/util/Optional; @ 32
Event: 3499.838 Thread 0x00000000200e8000 Uncommon trap: reason=speculate_class_check action=maybe_recompile pc=0x000000000386b17c method=org.gradle.internal.snapshot.AbstractIncompleteSnapshotWithChildren$2.handleNewChild(I)Lorg/gradle/internal/snapshot/FileSystemNode; @ 50
Event: 3501.000 Thread 0x00000000200e6800 Uncommon trap: reason=bimorphic action=maybe_recompile pc=0x00000000055cb21c method=com.google.common.cache.LocalCache$Segment.getLiveValue(Lcom/google/common/cache/ReferenceEntry;J)Ljava/lang/Object; @ 21
Event: 3765.383 Thread 0x000000001c2e7800 Uncommon trap: reason=unstable_if action=reinterpret pc=0x00000000049cddd0 method=java.text.DecimalFormat.subformat(Ljava/lang/StringBuffer;Ljava/text/Format$FieldDelegate;ZZIIII)Ljava/lang/StringBuffer; @ 814
Event: 3766.685 Thread 0x00000000208d6000 Uncommon trap: reason=predicate action=maybe_recompile pc=0x00000000065c71a8 method=java.util.Iterator.forEachRemaining(Ljava/util/function/Consumer;)V @ 14
Event: 3767.035 Thread 0x00000000208d6000 Uncommon trap: reason=null_check action=make_not_entrant pc=0x0000000005382da0 method=org.gradle.api.internal.collections.CollectionFilter.filter(Ljava/lang/Object;)Ljava/lang/Object; @ 5
Event: 3770.021 Thread 0x00000000200db000 Uncommon trap: reason=unstable_if action=reinterpret pc=0x0000000004be58f4 method=java.util.concurrent.locks.LockSupport.unpark(Ljava/lang/Thread;)V @ 1

Classes redefined (0 events):
No events

Internal exceptions (10 events):
Event: 3514.971 Thread 0x00000000200e1000 Exception <a 'sun/nio/fs/WindowsException'> (0x00000000e35d69c0) thrown at [C:\re\workspace\8-2-build-windows-amd64-cygwin\jdk8u172\10810\hotspot\src\share\vm\prims\jni.cpp, line 709]
Event: 3514.971 Thread 0x00000000200e1000 Exception <a 'sun/nio/fs/WindowsException'> (0x00000000e35d76a0) thrown at [C:\re\workspace\8-2-build-windows-amd64-cygwin\jdk8u172\10810\hotspot\src\share\vm\prims\jni.cpp, line 709]
Event: 3514.975 Thread 0x00000000200e1000 Exception <a 'sun/nio/fs/WindowsException'> (0x00000000e35de7e0) thrown at [C:\re\workspace\8-2-build-windows-amd64-cygwin\jdk8u172\10810\hotspot\src\share\vm\prims\jni.cpp, line 709]
Event: 3514.975 Thread 0x00000000200e1000 Exception <a 'sun/nio/fs/WindowsException'> (0x00000000e35df478) thrown at [C:\re\workspace\8-2-build-windows-amd64-cygwin\jdk8u172\10810\hotspot\src\share\vm\prims\jni.cpp, line 709]
Event: 3514.975 Thread 0x00000000200e1000 Exception <a 'sun/nio/fs/WindowsException'> (0x00000000e35e0198) thrown at [C:\re\workspace\8-2-build-windows-amd64-cygwin\jdk8u172\10810\hotspot\src\share\vm\prims\jni.cpp, line 709]
Event: 3514.975 Thread 0x00000000200e1000 Exception <a 'sun/nio/fs/WindowsException'> (0x00000000e35e1f98) thrown at [C:\re\workspace\8-2-build-windows-amd64-cygwin\jdk8u172\10810\hotspot\src\share\vm\prims\jni.cpp, line 709]
Event: 3514.975 Thread 0x00000000200e1000 Exception <a 'sun/nio/fs/WindowsException'> (0x00000000e35e2c40) thrown at [C:\re\workspace\8-2-build-windows-amd64-cygwin\jdk8u172\10810\hotspot\src\share\vm\prims\jni.cpp, line 709]
Event: 3514.975 Thread 0x00000000200e1000 Exception <a 'sun/nio/fs/WindowsException'> (0x00000000e35e3970) thrown at [C:\re\workspace\8-2-build-windows-amd64-cygwin\jdk8u172\10810\hotspot\src\share\vm\prims\jni.cpp, line 709]
Event: 3515.942 Thread 0x000000001d06a800 Exception <a 'sun/nio/fs/WindowsException'> (0x00000000e40518b0) thrown at [C:\re\workspace\8-2-build-windows-amd64-cygwin\jdk8u172\10810\hotspot\src\share\vm\prims\jni.cpp, line 709]
Event: 3767.035 Thread 0x00000000208d6000 Implicit null exception at 0x0000000005382c5f to 0x0000000005382d8d

Events (10 events):
Event: 3770.135 Thread 0x0000000019a72800 flushing nmethod 0x00000000030fb650
Event: 3770.168 Thread 0x0000000019a6c800 flushing nmethod 0x00000000034db410
Event: 3770.169 Thread 0x0000000019a6c800 flushing nmethod 0x0000000003583ad0
Event: 3770.210 Thread 0x0000000019a6c800 flushing nmethod 0x000000000374d7d0
Event: 3770.240 Thread 0x0000000019a7e000 flushing nmethod 0x0000000003f530d0
Event: 3770.241 Thread 0x0000000019a7e000 flushing nmethod 0x0000000004064690
Event: 3770.244 Thread 0x0000000019a7e000 flushing nmethod 0x00000000044085d0
Event: 3770.308 Thread 0x0000000019a7e000 flushing nmethod 0x0000000005059690
Event: 3770.579 Executing VM operation: RevokeBias
Event: 3770.579 Executing VM operation: RevokeBias done


Dynamic libraries:
0x00007ff60fd90000 - 0x00007ff60fdc7000 	C:\Program Files\Java\jdk1.8.0_172\bin\java.exe
0x00007ffcbcdc0000 - 0x00007ffcbcfb0000 	C:\WINDOWS\SYSTEM32\ntdll.dll
0x00007ffcabb10000 - 0x00007ffcabb23000 	C:\Program Files\AVAST Software\Avast\aswhook.dll
0x00007ffcbcc50000 - 0x00007ffcbcd02000 	C:\WINDOWS\System32\KERNEL32.DLL
0x00007ffcbaac0000 - 0x00007ffcbad64000 	C:\WINDOWS\System32\KERNELBASE.dll
0x00007ffcbb9d0000 - 0x00007ffcbba73000 	C:\WINDOWS\System32\ADVAPI32.dll
0x00007ffcbba80000 - 0x00007ffcbbb1e000 	C:\WINDOWS\System32\msvcrt.dll
0x00007ffcbb650000 - 0x00007ffcbb6e7000 	C:\WINDOWS\System32\sechost.dll
0x00007ffcbc320000 - 0x00007ffcbc440000 	C:\WINDOWS\System32\RPCRT4.dll
0x00007ffcbb830000 - 0x00007ffcbb9c5000 	C:\WINDOWS\System32\USER32.dll
0x00007ffcbadf0000 - 0x00007ffcbae11000 	C:\WINDOWS\System32\win32u.dll
0x00007ffcbae80000 - 0x00007ffcbaea6000 	C:\WINDOWS\System32\GDI32.dll
0x00007ffcba850000 - 0x00007ffcba9e6000 	C:\WINDOWS\System32\gdi32full.dll
0x00007ffcba9f0000 - 0x00007ffcbaa8e000 	C:\WINDOWS\System32\msvcp_win.dll
0x00007ffcb9ef0000 - 0x00007ffcb9fea000 	C:\WINDOWS\System32\ucrtbase.dll
0x00007ffca0860000 - 0x00007ffca0ae4000 	C:\WINDOWS\WinSxS\amd64_microsoft.windows.common-controls_6595b64144ccf1df_6.0.18362.1016_none_9e7a36bbe461dae4\COMCTL32.dll
0x00007ffcbb310000 - 0x00007ffcbb645000 	C:\WINDOWS\System32\combase.dll
0x00007ffcbad70000 - 0x00007ffcbadf0000 	C:\WINDOWS\System32\bcryptPrimitives.dll
0x00007ffcbcc20000 - 0x00007ffcbcc4e000 	C:\WINDOWS\System32\IMM32.DLL
0x00000000501d0000 - 0x00000000502a2000 	C:\Program Files\Java\jdk1.8.0_172\jre\bin\msvcr100.dll
0x0000000077750000 - 0x0000000077ff3000 	C:\Program Files\Java\jdk1.8.0_172\jre\bin\server\jvm.dll
0x00007ffcbaf30000 - 0x00007ffcbaf38000 	C:\WINDOWS\System32\PSAPI.DLL
0x00007ffca74f0000 - 0x00007ffca74f9000 	C:\WINDOWS\SYSTEM32\WSOCK32.dll
0x00007ffcbcd10000 - 0x00007ffcbcd7f000 	C:\WINDOWS\System32\WS2_32.dll
0x00007ffcb6390000 - 0x00007ffcb63b4000 	C:\WINDOWS\SYSTEM32\WINMM.dll
0x00007ffcb2090000 - 0x00007ffcb209a000 	C:\WINDOWS\SYSTEM32\VERSION.dll
0x00007ffcb6360000 - 0x00007ffcb638d000 	C:\WINDOWS\SYSTEM32\WINMMBASE.dll
0x00007ffcbae20000 - 0x00007ffcbae6a000 	C:\WINDOWS\System32\cfgmgr32.dll
0x00000000501c0000 - 0x00000000501cf000 	C:\Program Files\Java\jdk1.8.0_172\jre\bin\verify.dll
0x0000000050190000 - 0x00000000501b9000 	C:\Program Files\Java\jdk1.8.0_172\jre\bin\java.dll
0x0000000050170000 - 0x0000000050186000 	C:\Program Files\Java\jdk1.8.0_172\jre\bin\zip.dll
0x00007ffcbbb20000 - 0x00007ffcbc207000 	C:\WINDOWS\System32\SHELL32.dll
0x00007ffcbc270000 - 0x00007ffcbc319000 	C:\WINDOWS\System32\shcore.dll
0x00007ffcb9ff0000 - 0x00007ffcba772000 	C:\WINDOWS\System32\windows.storage.dll
0x00007ffcb9cf0000 - 0x00007ffcb9d13000 	C:\WINDOWS\System32\profapi.dll
0x00007ffcb9ca0000 - 0x00007ffcb9cea000 	C:\WINDOWS\System32\powrprof.dll
0x00007ffcb9c70000 - 0x00007ffcb9c80000 	C:\WINDOWS\System32\UMPDC.dll
0x00007ffcbb2a0000 - 0x00007ffcbb2f2000 	C:\WINDOWS\System32\shlwapi.dll
0x00007ffcb9d20000 - 0x00007ffcb9d31000 	C:\WINDOWS\System32\kernel.appcore.dll
0x00007ffcba780000 - 0x00007ffcba797000 	C:\WINDOWS\System32\cryptsp.dll
0x0000000050150000 - 0x000000005016a000 	C:\Program Files\Java\jdk1.8.0_172\jre\bin\net.dll
0x00007ffcb9470000 - 0x00007ffcb94d7000 	C:\WINDOWS\system32\mswsock.dll
0x0000000050130000 - 0x0000000050141000 	C:\Program Files\Java\jdk1.8.0_172\jre\bin\nio.dll
0x00007ffcacfd0000 - 0x00007ffcacff6000 	C:\Users\gabri\.gradle\native\31\windows-amd64\native-platform.dll
0x0000000050120000 - 0x000000005012d000 	C:\Program Files\Java\jdk1.8.0_172\jre\bin\management.dll
0x00007ffcb8fe0000 - 0x00007ffcb9013000 	C:\WINDOWS\system32\rsaenh.dll
0x00007ffcbaa90000 - 0x00007ffcbaab6000 	C:\WINDOWS\System32\bcrypt.dll
0x00007ffcb9b90000 - 0x00007ffcb9bb5000 	C:\WINDOWS\SYSTEM32\USERENV.dll
0x00007ffcb9640000 - 0x00007ffcb964c000 	C:\WINDOWS\SYSTEM32\CRYPTBASE.dll
0x00007ffcb9180000 - 0x00007ffcb91ba000 	C:\WINDOWS\SYSTEM32\IPHLPAPI.DLL
0x00007ffcbae70000 - 0x00007ffcbae78000 	C:\WINDOWS\System32\NSI.dll
0x00007ffcb1e30000 - 0x00007ffcb1e46000 	C:\WINDOWS\SYSTEM32\dhcpcsvc6.DLL
0x00007ffcb21a0000 - 0x00007ffcb21bc000 	C:\WINDOWS\SYSTEM32\dhcpcsvc.DLL
0x00007ffcb91c0000 - 0x00007ffcb928b000 	C:\WINDOWS\SYSTEM32\DNSAPI.dll

VM Arguments:
jvm_args: -Xmx2048m -Dfile.encoding=windows-1252 -Duser.country=BR -Duser.language=pt -Duser.variant 
java_command: org.gradle.launcher.daemon.bootstrap.GradleDaemon 6.1.1
java_class_path (initial): C:\Users\gabri\.gradle\wrapper\dists\gradle-6.1.1-all\cfmwm155h49vnt3hynmlrsdst\gradle-6.1.1\lib\gradle-launcher-6.1.1.jar
Launcher Type: SUN_STANDARD

Environment Variables:
JAVA_HOME=C:\ProgramFiles\Java\jdk1.8.0_172
PATH=C:\Program Files (x86)\Falcon\MinGW\bin;C:\Program Files (x86)\Common Files\Oracle\Java\javapath;C:\Program Files (x86)\Intel\iCLS Client\;C:\Program Files\Intel\iCLS Client\;C:\Windows\system32;C:\Windows;C:\Windows\System32\Wbem;C:\Windows\System32\WindowsPowerShell\v1.0\;C:\Program Files (x86)\Intel\Intel(R) Management Engine Components\DAL;C:\Program Files\Intel\Intel(R) Management Engine Components\DAL;C:\Program Files (x86)\Intel\Intel(R) Management Engine Components\IPT;C:\Program Files\Intel\Intel(R) Management Engine Components\IPT;C:\Program Files (x86)\NVIDIA Corporation\PhysX\Common;C:\WINDOWS\system32;C:\WINDOWS;C:\WINDOWS\System32\Wbem;C:\WINDOWS\System32\WindowsPowerShell\v1.0\;C:\WINDOWS\System32\OpenSSH\;C:\Program Files\Git\cmd;C:\Program Files\NVIDIA Corporation\NVIDIA NvDLISR;C:\ProgramData\chocolatey\bin;C:\Program Files\nodejs\;C:\Program Files (x86)\Yarn\bin\;C:\WINDOWS\system32;C:\WINDOWS;C:\WINDOWS\System32\Wbem;C:\WINDOWS\System32\WindowsPowerShell\v1.0\;C:\WINDOWS\System32\OpenSSH\;C:\Users\gabri\AppData\Local\Programs\Python\Python37-32\Scripts\;C:\Users\gabri\AppData\Local\Programs\Python\Python37-32\;C:\Users\gabri\AppData\Local\Microsoft\WindowsApps;C:\Program Files\MySQL\MySQL Server 8.0\bin;C:\Users\gabri\AppData\Local\Google\Cloud SDK\google-cloud-sdk\bin;C:\Users\gabri\AppData\Local\Programs\Microsoft VS Code\bin;C:\Users\gabri\AppData\Roaming\npm;C:\Users\gabri\AppData\Local\Yarn\bin;
USERNAME=gabri
OS=Windows_NT
PROCESSOR_IDENTIFIER=Intel64 Family 6 Model 142 Stepping 10, GenuineIntel



---------------  S Y S T E M  ---------------

OS: Windows 10.0 , 64 bit Build 18362 (10.0.18362.959)

CPU:total 8 (initial active 8) (4 cores per cpu, 2 threads per core) family 6 model 142 stepping 10, cmov, cx8, fxsr, mmx, sse, sse2, sse3, ssse3, sse4.1, sse4.2, popcnt, avx, avx2, aes, clmul, erms, 3dnowpref, lzcnt, ht, tsc, tscinvbit, bmi1, bmi2, adx

Memory: 4k page, physical 8260324k(388500k free), swap 13380324k(8752k free)

vm_info: Java HotSpot(TM) 64-Bit Server VM (25.172-b11) for windows-amd64 JRE (1.8.0_172-b11), built on Mar 28 2018 21:21:52 by "java_re" with MS VC++ 10.0 (VS2010)

time: Tue Aug 18 20:10:36 2020
elapsed time: 3771 seconds (0d 1h 2m 51s)

